<?xml version="1.0" encoding="UTF-8"?>
<testng-results ignored="0" total="2" passed="2" failed="0" skipped="0">
  <reporter-output>
  </reporter-output>
  <suite started-at="2022-02-06T12:24:12 IST" name="Suite" finished-at="2022-02-06T12:24:16 IST" duration-ms="4717">
    <groups>
    </groups>
    <test started-at="2022-02-06T12:24:12 IST" name="Test" finished-at="2022-02-06T12:24:16 IST" duration-ms="4717">
      <class name="testPractice.Test2">
        <test-method signature="m2()[pri:0, instance:testPractice.Test2@296e281a]" started-at="2022-02-06T12:24:12 IST" name="m2" finished-at="2022-02-06T12:24:12 IST" duration-ms="18" status="PASS">
          <reporter-output>
          </reporter-output>
        </test-method> <!-- m2 -->
      </class> <!-- testPractice.Test2 -->
      <class name="testPractice.Test1">
        <test-method signature="m1()[pri:0, instance:testPractice.Test1@59cda16e]" started-at="2022-02-06T12:24:12 IST" name="m1" finished-at="2022-02-06T12:24:16 IST" duration-ms="4620" status="PASS">
          <reporter-output>
          </reporter-output>
        </test-method> <!-- m1 -->
      </class> <!-- testPractice.Test1 -->
    </test> <!-- Test -->
  </suite> <!-- Suite -->
</testng-results>
